100_000.gff
2026-03-05 13:45:51,459 - INFO - Output directory: /data/analysis/100_000
2026-03-05 13:45:51,459 - INFO - Created temporary directory: /tmp/sqanti3_bigbed_2qw_rbou
2026-03-05 13:45:51,459 - INFO - Parsing classification file...
2026-03-05 13:45:51,544 - INFO - Loaded classification data for 15585 transcripts with 48 columns
2026-03-05 13:45:51,544 - INFO - Converting GTF to GenePred format...
2026-03-05 13:45:51,788 - INFO - GTF to GenePred conversion completed
2026-03-05 13:45:51,788 - INFO - Converting GenePred to BED format...
2026-03-05 13:45:51,850 - INFO - GenePred to BED conversion completed
2026-03-05 13:45:51,850 - INFO - Adding classification data to BED file (Vectorized)...
2026-03-05 13:45:52,217 - INFO - Created enhanced BED file with 44 extra columns: /tmp/sqanti3_bigbed_2qw_rbou/transcripts_full.bed
2026-03-05 13:45:52,224 - INFO - Generating Trix index...
2026-03-05 13:45:57,965 - INFO - Trix index generated: /data/analysis/100_000/hg38/trix.ix, /data/analysis/100_000/hg38/trix.ixx
2026-03-05 13:45:57,979 - INFO - Converting BED to bigBed...
2026-03-05 13:45:57,979 - INFO - Extracting chromosome sizes from GTF file...
2026-03-05 13:45:58,045 - INFO - Extracted chromosome sizes for 1 chromosomes
2026-03-05 13:45:58,137 - INFO - Sorted 15585 transcripts: by genomic position, pipeline order for ties (basic)
2026-03-05 13:45:58,305 - INFO - Sorted BED written to: /tmp/sqanti3_bigbed_2qw_rbou/transcripts_full.sorted.bed
2026-03-05 13:45:58,470 - INFO - BigBed file created: /data/analysis/100_000/hg38/hg38_sqanti3.bb
2026-03-05 13:45:58,473 - INFO - Creating category-specific bigBed files...
2026-03-05 13:45:58,558 - INFO - Sorted 3499 transcripts: by genomic position, pipeline order for ties (basic)
2026-03-05 13:45:58,628 - INFO - Created category track: /data/analysis/100_000/hg38/hg38_sqanti3_genic_intron.bb
2026-03-05 13:45:58,636 - INFO - Sorted 3986 transcripts: by genomic position, pipeline order for ties (basic)
2026-03-05 13:45:58,724 - INFO - Created category track: /data/analysis/100_000/hg38/hg38_sqanti3_antisense.bb
2026-03-05 13:45:58,730 - INFO - Sorted 1686 transcripts: by genomic position, pipeline order for ties (basic)
2026-03-05 13:45:58,775 - INFO - Created category track: /data/analysis/100_000/hg38/hg38_sqanti3_genic.bb
2026-03-05 13:45:58,780 - INFO - Sorted 392 transcripts: by genomic position, pipeline order for ties (basic)
2026-03-05 13:45:58,796 - INFO - Created category track: /data/analysis/100_000/hg38/hg38_sqanti3_novel_in_catalog.bb
2026-03-05 13:45:58,804 - INFO - Sorted 3932 transcripts: by genomic position, pipeline order for ties (basic)
2026-03-05 13:45:58,889 - INFO - Created category track: /data/analysis/100_000/hg38/hg38_sqanti3_intergenic.bb
2026-03-05 13:45:58,894 - INFO - Sorted 75 transcripts: by genomic position, pipeline order for ties (basic)
2026-03-05 13:45:58,903 - INFO - Created category track: /data/analysis/100_000/hg38/hg38_sqanti3_full-splice_match.bb
2026-03-05 13:45:58,908 - INFO - Sorted 44 transcripts: by genomic position, pipeline order for ties (basic)
2026-03-05 13:45:58,915 - INFO - Created category track: /data/analysis/100_000/hg38/hg38_sqanti3_incomplete-splice_match.bb
2026-03-05 13:45:58,921 - INFO - Sorted 1629 transcripts: by genomic position, pipeline order for ties (basic)
2026-03-05 13:45:58,967 - INFO - Created category track: /data/analysis/100_000/hg38/hg38_sqanti3_novel_not_in_catalog.bb
2026-03-05 13:45:58,972 - INFO - Sorted 342 transcripts: by genomic position, pipeline order for ties (basic)
2026-03-05 13:45:58,988 - INFO - Created category track: /data/analysis/100_000/hg38/hg38_sqanti3_fusion.bb
2026-03-05 13:45:58,990 - INFO - Creating hub files...
2026-03-05 13:45:59,252 - INFO - Hub files created successfully
2026-03-05 13:45:59,252 - INFO - Conversion completed successfully!
2026-03-05 13:45:59,252 - INFO - Output directory: /data/analysis/100_000
2026-03-05 13:45:59,252 - INFO - BigBed file: /data/analysis/100_000/hg38/hg38_sqanti3.bb
2026-03-05 13:45:59,252 - INFO - Hub files created and ready for upload to UCSC Genome Browser
2026-03-05 13:45:59,252 - INFO - Use searchIndex and filterValues on the name field for comprehensive filtering in the Genome Browser
2026-03-05 13:45:59,257 - INFO - Cleaned up temporary directory
2026-03-05 13:45:59,257 - INFO - Generating HTML table reports...
2026-03-05 13:45:59,257 - INFO - Reading classification file: /data/analysis/100_000/100_000_classification.txt
2026-03-05 13:45:59,315 - INFO - Excluding 'ORF_seq' column (use --include-sequences to keep it)
2026-03-05 13:45:59,317 - INFO - Found 9 structural categories.
2026-03-05 13:45:59,472 - INFO - Generated full transcriptome report: /data/analysis/100_000/table_reports/complete_transcriptome_isoforms.html
2026-03-05 13:45:59,472 - INFO - Processing category: genic_intron
2026-03-05 13:45:59,513 - INFO -   -> Generated /data/analysis/100_000/table_reports/genic_intron_isoforms.html
2026-03-05 13:45:59,513 - INFO - Processing category: antisense
2026-03-05 13:45:59,567 - INFO -   -> Generated /data/analysis/100_000/table_reports/antisense_isoforms.html
2026-03-05 13:45:59,567 - INFO - Processing category: genic
2026-03-05 13:45:59,593 - INFO -   -> Generated /data/analysis/100_000/table_reports/genic_isoforms.html
2026-03-05 13:45:59,593 - INFO - Processing category: novel_in_catalog
2026-03-05 13:45:59,606 - INFO -   -> Generated /data/analysis/100_000/table_reports/novel_in_catalog_isoforms.html
2026-03-05 13:45:59,606 - INFO - Processing category: intergenic
2026-03-05 13:45:59,648 - INFO -   -> Generated /data/analysis/100_000/table_reports/intergenic_isoforms.html
2026-03-05 13:45:59,648 - INFO - Processing category: full-splice_match
2026-03-05 13:45:59,658 - INFO -   -> Generated /data/analysis/100_000/table_reports/full-splice_match_isoforms.html
2026-03-05 13:45:59,658 - INFO - Processing category: incomplete-splice_match
2026-03-05 13:45:59,667 - INFO -   -> Generated /data/analysis/100_000/table_reports/incomplete-splice_match_isoforms.html
2026-03-05 13:45:59,667 - INFO - Processing category: novel_not_in_catalog
2026-03-05 13:45:59,692 - INFO -   -> Generated /data/analysis/100_000/table_reports/novel_not_in_catalog_isoforms.html
2026-03-05 13:45:59,692 - INFO - Processing category: fusion
2026-03-05 13:45:59,704 - INFO -   -> Generated /data/analysis/100_000/table_reports/fusion_isoforms.html
2026-03-05 13:45:59,704 - INFO - Done! All reports generated.
	Command being timed: "singularity exec --bind /home/cmonzo/workspace/comp-eff-SQANTI-browser:/data SQANTI-browser/sqanti-browser.sif python SQANTI-browser/sqanti_browser.py --gtf /data/analysis/100_000/100_000_corrected.gtf --classification /data/analysis/100_000/100_000_classification.txt --output /data/analysis/100_000 --genome hg38 --tables --hub-name 100_000"
	User time (seconds): 7.86
	System time (seconds): 1.34
	Percent of CPU this job got: 95%
	Elapsed (wall clock) time (h:mm:ss or m:ss): 0:09.67
	Average shared text size (kbytes): 0
	Average unshared data size (kbytes): 0
	Average stack size (kbytes): 0
	Average total size (kbytes): 0
	Maximum resident set size (kbytes): 223292
	Average resident set size (kbytes): 0
	Major (requiring I/O) page faults: 469
	Minor (reclaiming a frame) page faults: 157346
	Voluntary context switches: 2384
	Involuntary context switches: 29378
	Swaps: 0
	File system inputs: 62806
	File system outputs: 251256
	Socket messages sent: 0
	Socket messages received: 0
	Signals delivered: 0
	Page size (bytes): 4096
	Exit status: 0
Completed %A_%a for 100_000.gff
 in 9 seconds
