500_000.gff
2026-03-05 13:45:51,560 - INFO - Output directory: /data/analysis/500_000
2026-03-05 13:45:51,560 - INFO - Created temporary directory: /tmp/sqanti3_bigbed_v0_r_fbe
2026-03-05 13:45:51,560 - INFO - Parsing classification file...
2026-03-05 13:45:51,841 - INFO - Loaded classification data for 73461 transcripts with 48 columns
2026-03-05 13:45:51,842 - INFO - Converting GTF to GenePred format...
2026-03-05 13:45:52,482 - INFO - GTF to GenePred conversion completed
2026-03-05 13:45:52,482 - INFO - Converting GenePred to BED format...
2026-03-05 13:45:52,733 - INFO - GenePred to BED conversion completed
2026-03-05 13:45:52,733 - INFO - Adding classification data to BED file (Vectorized)...
2026-03-05 13:45:56,387 - INFO - Created enhanced BED file with 44 extra columns: /tmp/sqanti3_bigbed_v0_r_fbe/transcripts_full.bed
2026-03-05 13:45:56,426 - INFO - Generating Trix index...
2026-03-05 13:46:24,277 - INFO - Trix index generated: /data/analysis/500_000/hg38/trix.ix, /data/analysis/500_000/hg38/trix.ixx
2026-03-05 13:46:24,340 - INFO - Converting BED to bigBed...
2026-03-05 13:46:24,340 - INFO - Extracting chromosome sizes from GTF file...
2026-03-05 13:46:24,680 - INFO - Extracted chromosome sizes for 2 chromosomes
2026-03-05 13:46:25,150 - INFO - Sorted 73461 transcripts: by genomic position, pipeline order for ties (basic)
2026-03-05 13:46:25,964 - INFO - Sorted BED written to: /tmp/sqanti3_bigbed_v0_r_fbe/transcripts_full.sorted.bed
2026-03-05 13:46:26,761 - INFO - BigBed file created: /data/analysis/500_000/hg38/hg38_sqanti3.bb
2026-03-05 13:46:26,771 - INFO - Creating category-specific bigBed files...
2026-03-05 13:46:27,123 - INFO - Sorted 14693 transcripts: by genomic position, pipeline order for ties (basic)
2026-03-05 13:46:27,421 - INFO - Created category track: /data/analysis/500_000/hg38/hg38_sqanti3_genic_intron.bb
2026-03-05 13:46:27,445 - INFO - Sorted 17057 transcripts: by genomic position, pipeline order for ties (basic)
2026-03-05 13:46:27,802 - INFO - Created category track: /data/analysis/500_000/hg38/hg38_sqanti3_antisense.bb
2026-03-05 13:46:27,817 - INFO - Sorted 6505 transcripts: by genomic position, pipeline order for ties (basic)
2026-03-05 13:46:27,975 - INFO - Created category track: /data/analysis/500_000/hg38/hg38_sqanti3_genic.bb
2026-03-05 13:46:27,984 - INFO - Sorted 844 transcripts: by genomic position, pipeline order for ties (basic)
2026-03-05 13:46:28,010 - INFO - Created category track: /data/analysis/500_000/hg38/hg38_sqanti3_novel_in_catalog.bb
2026-03-05 13:46:28,044 - INFO - Sorted 28609 transcripts: by genomic position, pipeline order for ties (basic)
2026-03-05 13:46:28,605 - INFO - Created category track: /data/analysis/500_000/hg38/hg38_sqanti3_intergenic.bb
2026-03-05 13:46:28,614 - INFO - Sorted 269 transcripts: by genomic position, pipeline order for ties (basic)
2026-03-05 13:46:28,630 - INFO - Created category track: /data/analysis/500_000/hg38/hg38_sqanti3_full-splice_match.bb
2026-03-05 13:46:28,637 - INFO - Sorted 167 transcripts: by genomic position, pipeline order for ties (basic)
2026-03-05 13:46:28,648 - INFO - Created category track: /data/analysis/500_000/hg38/hg38_sqanti3_incomplete-splice_match.bb
2026-03-05 13:46:28,659 - INFO - Sorted 4541 transcripts: by genomic position, pipeline order for ties (basic)
2026-03-05 13:46:28,775 - INFO - Created category track: /data/analysis/500_000/hg38/hg38_sqanti3_novel_not_in_catalog.bb
2026-03-05 13:46:28,783 - INFO - Sorted 776 transcripts: by genomic position, pipeline order for ties (basic)
2026-03-05 13:46:28,810 - INFO - Created category track: /data/analysis/500_000/hg38/hg38_sqanti3_fusion.bb
2026-03-05 13:46:28,818 - INFO - Creating hub files...
2026-03-05 13:46:29,614 - INFO - Hub files created successfully
2026-03-05 13:46:29,614 - INFO - Conversion completed successfully!
2026-03-05 13:46:29,614 - INFO - Output directory: /data/analysis/500_000
2026-03-05 13:46:29,614 - INFO - BigBed file: /data/analysis/500_000/hg38/hg38_sqanti3.bb
2026-03-05 13:46:29,614 - INFO - Hub files created and ready for upload to UCSC Genome Browser
2026-03-05 13:46:29,614 - INFO - Use searchIndex and filterValues on the name field for comprehensive filtering in the Genome Browser
2026-03-05 13:46:29,634 - INFO - Cleaned up temporary directory
2026-03-05 13:46:29,634 - INFO - Generating HTML table reports...
2026-03-05 13:46:29,634 - INFO - Reading classification file: /data/analysis/500_000/500_000_classification.txt
2026-03-05 13:46:29,936 - INFO - Excluding 'ORF_seq' column (use --include-sequences to keep it)
2026-03-05 13:46:29,941 - INFO - Found 9 structural categories.
2026-03-05 13:46:30,795 - INFO - Generated full transcriptome report: /data/analysis/500_000/table_reports/complete_transcriptome_isoforms.html
2026-03-05 13:46:30,795 - INFO - Processing category: genic_intron
2026-03-05 13:46:30,945 - INFO -   -> Generated /data/analysis/500_000/table_reports/genic_intron_isoforms.html
2026-03-05 13:46:30,945 - INFO - Processing category: antisense
2026-03-05 13:46:31,128 - INFO -   -> Generated /data/analysis/500_000/table_reports/antisense_isoforms.html
2026-03-05 13:46:31,128 - INFO - Processing category: genic
2026-03-05 13:46:31,207 - INFO -   -> Generated /data/analysis/500_000/table_reports/genic_isoforms.html
2026-03-05 13:46:31,207 - INFO - Processing category: novel_in_catalog
2026-03-05 13:46:31,229 - INFO -   -> Generated /data/analysis/500_000/table_reports/novel_in_catalog_isoforms.html
2026-03-05 13:46:31,229 - INFO - Processing category: intergenic
2026-03-05 13:46:31,503 - INFO -   -> Generated /data/analysis/500_000/table_reports/intergenic_isoforms.html
2026-03-05 13:46:31,503 - INFO - Processing category: full-splice_match
2026-03-05 13:46:31,519 - INFO -   -> Generated /data/analysis/500_000/table_reports/full-splice_match_isoforms.html
2026-03-05 13:46:31,519 - INFO - Processing category: incomplete-splice_match
2026-03-05 13:46:31,532 - INFO -   -> Generated /data/analysis/500_000/table_reports/incomplete-splice_match_isoforms.html
2026-03-05 13:46:31,532 - INFO - Processing category: novel_not_in_catalog
2026-03-05 13:46:31,588 - INFO -   -> Generated /data/analysis/500_000/table_reports/novel_not_in_catalog_isoforms.html
2026-03-05 13:46:31,588 - INFO - Processing category: fusion
2026-03-05 13:46:31,608 - INFO -   -> Generated /data/analysis/500_000/table_reports/fusion_isoforms.html
2026-03-05 13:46:31,609 - INFO - Done! All reports generated.
	Command being timed: "singularity exec --bind /home/cmonzo/workspace/comp-eff-SQANTI-browser:/data SQANTI-browser/sqanti-browser.sif python SQANTI-browser/sqanti_browser.py --gtf /data/analysis/500_000/500_000_corrected.gtf --classification /data/analysis/500_000/500_000_classification.txt --output /data/analysis/500_000 --genome hg38 --tables --hub-name 500_000"
	User time (seconds): 35.64
	System time (seconds): 4.64
	Percent of CPU this job got: 96%
	Elapsed (wall clock) time (h:mm:ss or m:ss): 0:41.61
	Average shared text size (kbytes): 0
	Average unshared data size (kbytes): 0
	Average stack size (kbytes): 0
	Average total size (kbytes): 0
	Maximum resident set size (kbytes): 660236
	Average resident set size (kbytes): 0
	Major (requiring I/O) page faults: 491
	Minor (reclaiming a frame) page faults: 634247
	Voluntary context switches: 2158
	Involuntary context switches: 29614
	Swaps: 0
	File system inputs: 60404
	File system outputs: 1195960
	Socket messages sent: 0
	Socket messages received: 0
	Signals delivered: 0
	Page size (bytes): 4096
	Exit status: 0
Completed %A_%a for 500_000.gff
 in 41 seconds
