50_000.gff
2026-03-05 13:45:51,537 - INFO - Output directory: /data/analysis/50_000
2026-03-05 13:45:51,538 - INFO - Created temporary directory: /tmp/sqanti3_bigbed_kmq7lmfz
2026-03-05 13:45:51,538 - INFO - Parsing classification file...
2026-03-05 13:45:51,589 - INFO - Loaded classification data for 8849 transcripts with 48 columns
2026-03-05 13:45:51,589 - INFO - Converting GTF to GenePred format...
2026-03-05 13:45:51,738 - INFO - GTF to GenePred conversion completed
2026-03-05 13:45:51,738 - INFO - Converting GenePred to BED format...
2026-03-05 13:45:51,779 - INFO - GenePred to BED conversion completed
2026-03-05 13:45:51,779 - INFO - Adding classification data to BED file (Vectorized)...
2026-03-05 13:45:52,013 - INFO - Created enhanced BED file with 44 extra columns: /tmp/sqanti3_bigbed_kmq7lmfz/transcripts_full.bed
2026-03-05 13:45:52,018 - INFO - Generating Trix index...
2026-03-05 13:45:55,218 - INFO - Trix index generated: /data/analysis/50_000/hg38/trix.ix, /data/analysis/50_000/hg38/trix.ixx
2026-03-05 13:45:55,225 - INFO - Converting BED to bigBed...
2026-03-05 13:45:55,225 - INFO - Extracting chromosome sizes from GTF file...
2026-03-05 13:45:55,258 - INFO - Extracted chromosome sizes for 1 chromosomes
2026-03-05 13:45:55,320 - INFO - Sorted 8849 transcripts: by genomic position, pipeline order for ties (basic)
2026-03-05 13:45:55,416 - INFO - Sorted BED written to: /tmp/sqanti3_bigbed_kmq7lmfz/transcripts_full.sorted.bed
2026-03-05 13:45:55,516 - INFO - BigBed file created: /data/analysis/50_000/hg38/hg38_sqanti3.bb
2026-03-05 13:45:55,518 - INFO - Creating category-specific bigBed files...
2026-03-05 13:45:55,574 - INFO - Sorted 2517 transcripts: by genomic position, pipeline order for ties (basic)
2026-03-05 13:45:55,631 - INFO - Created category track: /data/analysis/50_000/hg38/hg38_sqanti3_genic_intron.bb
2026-03-05 13:45:55,638 - INFO - Sorted 2201 transcripts: by genomic position, pipeline order for ties (basic)
2026-03-05 13:45:55,691 - INFO - Created category track: /data/analysis/50_000/hg38/hg38_sqanti3_antisense.bb
2026-03-05 13:45:55,697 - INFO - Sorted 990 transcripts: by genomic position, pipeline order for ties (basic)
2026-03-05 13:45:55,728 - INFO - Created category track: /data/analysis/50_000/hg38/hg38_sqanti3_genic.bb
2026-03-05 13:45:55,733 - INFO - Sorted 266 transcripts: by genomic position, pipeline order for ties (basic)
2026-03-05 13:45:55,746 - INFO - Created category track: /data/analysis/50_000/hg38/hg38_sqanti3_novel_in_catalog.bb
2026-03-05 13:45:55,753 - INFO - Sorted 2090 transcripts: by genomic position, pipeline order for ties (basic)
2026-03-05 13:45:55,803 - INFO - Created category track: /data/analysis/50_000/hg38/hg38_sqanti3_intergenic.bb
2026-03-05 13:45:55,808 - INFO - Sorted 65 transcripts: by genomic position, pipeline order for ties (basic)
2026-03-05 13:45:55,816 - INFO - Created category track: /data/analysis/50_000/hg38/hg38_sqanti3_full-splice_match.bb
2026-03-05 13:45:55,821 - INFO - Sorted 13 transcripts: by genomic position, pipeline order for ties (basic)
2026-03-05 13:45:55,829 - INFO - Created category track: /data/analysis/50_000/hg38/hg38_sqanti3_incomplete-splice_match.bb
2026-03-05 13:45:55,834 - INFO - Sorted 556 transcripts: by genomic position, pipeline order for ties (basic)
2026-03-05 13:45:55,856 - INFO - Created category track: /data/analysis/50_000/hg38/hg38_sqanti3_novel_not_in_catalog.bb
2026-03-05 13:45:55,860 - INFO - Sorted 151 transcripts: by genomic position, pipeline order for ties (basic)
2026-03-05 13:45:55,871 - INFO - Created category track: /data/analysis/50_000/hg38/hg38_sqanti3_fusion.bb
2026-03-05 13:45:55,872 - INFO - Creating hub files...
2026-03-05 13:45:56,115 - INFO - Hub files created successfully
2026-03-05 13:45:56,115 - INFO - Conversion completed successfully!
2026-03-05 13:45:56,115 - INFO - Output directory: /data/analysis/50_000
2026-03-05 13:45:56,115 - INFO - BigBed file: /data/analysis/50_000/hg38/hg38_sqanti3.bb
2026-03-05 13:45:56,115 - INFO - Hub files created and ready for upload to UCSC Genome Browser
2026-03-05 13:45:56,115 - INFO - Use searchIndex and filterValues on the name field for comprehensive filtering in the Genome Browser
2026-03-05 13:45:56,118 - INFO - Cleaned up temporary directory
2026-03-05 13:45:56,118 - INFO - Generating HTML table reports...
2026-03-05 13:45:56,118 - INFO - Reading classification file: /data/analysis/50_000/50_000_classification.txt
2026-03-05 13:45:56,157 - INFO - Excluding 'ORF_seq' column (use --include-sequences to keep it)
2026-03-05 13:45:56,158 - INFO - Found 9 structural categories.
2026-03-05 13:45:56,260 - INFO - Generated full transcriptome report: /data/analysis/50_000/table_reports/complete_transcriptome_isoforms.html
2026-03-05 13:45:56,260 - INFO - Processing category: genic_intron
2026-03-05 13:45:56,322 - INFO -   -> Generated /data/analysis/50_000/table_reports/genic_intron_isoforms.html
2026-03-05 13:45:56,322 - INFO - Processing category: antisense
2026-03-05 13:45:56,374 - INFO -   -> Generated /data/analysis/50_000/table_reports/antisense_isoforms.html
2026-03-05 13:45:56,374 - INFO - Processing category: genic
2026-03-05 13:45:56,404 - INFO -   -> Generated /data/analysis/50_000/table_reports/genic_isoforms.html
2026-03-05 13:45:56,404 - INFO - Processing category: novel_in_catalog
2026-03-05 13:45:56,430 - INFO -   -> Generated /data/analysis/50_000/table_reports/novel_in_catalog_isoforms.html
2026-03-05 13:45:56,430 - INFO - Processing category: intergenic
2026-03-05 13:45:56,465 - INFO -   -> Generated /data/analysis/50_000/table_reports/intergenic_isoforms.html
2026-03-05 13:45:56,466 - INFO - Processing category: full-splice_match
2026-03-05 13:45:56,491 - INFO -   -> Generated /data/analysis/50_000/table_reports/full-splice_match_isoforms.html
2026-03-05 13:45:56,491 - INFO - Processing category: incomplete-splice_match
2026-03-05 13:45:56,503 - INFO -   -> Generated /data/analysis/50_000/table_reports/incomplete-splice_match_isoforms.html
2026-03-05 13:45:56,504 - INFO - Processing category: novel_not_in_catalog
2026-03-05 13:45:56,522 - INFO -   -> Generated /data/analysis/50_000/table_reports/novel_not_in_catalog_isoforms.html
2026-03-05 13:45:56,522 - INFO - Processing category: fusion
2026-03-05 13:45:56,536 - INFO -   -> Generated /data/analysis/50_000/table_reports/fusion_isoforms.html
2026-03-05 13:45:56,536 - INFO - Done! All reports generated.
	Command being timed: "singularity exec --bind /home/cmonzo/workspace/comp-eff-SQANTI-browser:/data SQANTI-browser/sqanti-browser.sif python SQANTI-browser/sqanti_browser.py --gtf /data/analysis/50_000/50_000_corrected.gtf --classification /data/analysis/50_000/50_000_classification.txt --output /data/analysis/50_000 --genome hg38 --tables --hub-name 50_000"
	User time (seconds): 4.89
	System time (seconds): 1.14
	Percent of CPU this job got: 92%
	Elapsed (wall clock) time (h:mm:ss or m:ss): 0:06.55
	Average shared text size (kbytes): 0
	Average unshared data size (kbytes): 0
	Average stack size (kbytes): 0
	Average total size (kbytes): 0
	Maximum resident set size (kbytes): 166128
	Average resident set size (kbytes): 0
	Major (requiring I/O) page faults: 457
	Minor (reclaiming a frame) page faults: 127184
	Voluntary context switches: 2020
	Involuntary context switches: 29377
	Swaps: 0
	File system inputs: 60064
	File system outputs: 142016
	Socket messages sent: 0
	Socket messages received: 0
	Signals delivered: 0
	Page size (bytes): 4096
	Exit status: 0
Completed %A_%a for 50_000.gff
 in 6 seconds
